<?xml version="1.0" encoding="UTF-8"?>
<!-- Generated by org.testng.reporters.JUnitReportReporter -->
<testsuite skipped="0" hostname="DESKTOP-CS3FB5N" name="Test.NewTest" tests="6" failures="0" timestamp="15 Feb 2018 05:46:01 GMT" time="99.504" errors="0">
  <testcase name="Conocenos" time="18.034" classname="Test.NewTest"/>
  <testcase name="Empleos" time="12.403" classname="Test.NewTest"/>
  <testcase name="Inicio" time="10.568" classname="Test.NewTest"/>
  <testcase name="Portafolio" time="9.806" classname="Test.NewTest"/>
  <testcase name="BLOG" time="9.698" classname="Test.NewTest"/>
  <testcase name="Servicios" time="38.995" classname="Test.NewTest"/>
</testsuite> <!-- Test.NewTest -->
